<?xml version="1.0" encoding="UTF-8"?>
<!-- Generated by org.testng.reporters.JUnitXMLReporter -->
<testsuite ignored="0" hostname="Haby" failures="0" tests="2" name="InForefox" time="8.208" errors="0" timestamp="2024-05-21T11:37:57 EDT">
  <testcase classname="com.sevenrmartsupermarket.tests.AdminUsersTest" name="deactivateUser" time="0.001">
    <skipped/>
  </testcase> <!-- deactivateUser -->
  <testcase classname="com.sevenrmartsupermarket.tests.AdminUsersTest" name="navigateToAdminUseraTab" time="0.0">
    <skipped/>
  </testcase> <!-- navigateToAdminUseraTab -->
</testsuite> <!-- InForefox -->
